<?xml version="1.0" encoding="UTF-8"?>
<!-- Generated by org.testng.reporters.JUnitReportReporter -->
<testsuite hostname="Mac.tpg_nbn" failures="0" tests="6" name="com.formaos.tests.IntegrationTests" time="7.298" errors="0" timestamp="2026-01-19T01:03:07 ACDT" skipped="0">
  <testcase classname="com.formaos.tests.IntegrationTests" name="testRLSApiEnforcement" time="0.776"/>
  <testcase classname="com.formaos.tests.IntegrationTests" name="testTrialActivationDashboardAccess" time="0.727"/>
  <testcase classname="com.formaos.tests.IntegrationTests" name="testBillingPlanSchemaIntegration" time="0.772"/>
  <testcase classname="com.formaos.tests.IntegrationTests" name="testFeatureGatingBySubscription" time="0.635"/>
  <testcase classname="com.formaos.tests.IntegrationTests" name="testSupabaseAuthFrontend" time="3.738"/>
  <testcase classname="com.formaos.tests.IntegrationTests" name="testRoleBasedUIPermissions" time="0.650"/>
</testsuite> <!-- com.formaos.tests.IntegrationTests -->
