<?xml version="1.0" encoding="UTF-8"?>
<!-- Generated by org.testng.reporters.JUnitReportReporter -->
<testsuite hostname="Mac.tpg_nbn" failures="0" tests="3" name="com.formaos.tests.AuthFlowTests" time="14.647" errors="0" timestamp="2026-01-19T01:03:07 ACDT" skipped="0">
  <testcase classname="com.formaos.tests.AuthFlowTests" name="testSignupPageAccessible" time="3.658"/>
  <testcase classname="com.formaos.tests.AuthFlowTests" name="testLoginPageAccessible" time="3.293"/>
  <testcase classname="com.formaos.tests.AuthFlowTests" name="testAuthPageNavigation" time="7.696"/>
</testsuite> <!-- com.formaos.tests.AuthFlowTests -->
