<?xml version="1.0" encoding="UTF-8"?>
<!-- Generated by org.testng.reporters.JUnitReportReporter -->
<testsuite hostname="Mac.tpg_nbn" failures="0" tests="3" name="com.formaos.tests.CTATests" time="11.204" errors="0" timestamp="2026-01-19T01:03:07 ACDT" skipped="0">
  <testcase classname="com.formaos.tests.CTATests" name="testStartFreeTrialFromHome" time="3.768"/>
  <testcase classname="com.formaos.tests.CTATests" name="testRequestDemoFromHome" time="3.699"/>
  <testcase classname="com.formaos.tests.CTATests" name="testLoginFromHome" time="3.737"/>
</testsuite> <!-- com.formaos.tests.CTATests -->
