<!DOCTYPE html>

<html>
  <head>
  <meta charset='utf-8'>
  <title>TestNG reports</title>

    <link type="text/css" href="testng-reports1.css" rel="stylesheet" id="ultra" />
    <link type="text/css" href="testng-reports.css" rel="stylesheet" id="retro" disabled="false"/>
    <script type="text/javascript" src="jquery-3.6.0.min.js"></script>
    <script type="text/javascript" src="testng-reports.js"></script>
    <script type="text/javascript" src="https://www.google.com/jsapi"></script>
    <script type='text/javascript'>
      google.load('visualization', '1', {packages:['table']});
      google.setOnLoadCallback(drawTable);
      var suiteTableInitFunctions = new Array();
      var suiteTableData = new Array();
    </script>
    <!--
      <script type="text/javascript" src="jquery-ui/js/jquery-ui-1.8.16.custom.min.js"></script>
     -->
  </head>

  <body>    <div class="top-banner-root">
      <span class="top-banner-title-font">Test results</span>
      <button id="button" class="button">Switch Retro Theme</button> <!-- button -->
      <br/>
      <span class="top-banner-font-1">1 suite, 1 failed test</span>
    </div> <!-- top-banner-root -->
    <div class="navigator-root">
      <div class="navigator-suite-header">
        <span>All suites</span>
        <a href="#" title="Collapse/expand all the suites" class="collapse-all-link">
          <img src="collapseall.gif" class="collapse-all-icon">
          </img> <!-- collapse-all-icon -->
        </a> <!-- collapse-all-link -->
      </div> <!-- navigator-suite-header -->
      <div class="suite">
        <div class="rounded-window">
          <div class="suite-header light-rounded-window-top">
            <a href="#" panel-name="suite-FormaOS_Enterprise_Test_Suite" class="navigator-link">
              <span class="suite-name border-failed">FormaOS Enterprise Test Suite</span>
            </a> <!-- navigator-link -->
          </div> <!-- suite-header light-rounded-window-top -->
          <div class="navigator-suite-content">
            <div class="suite-section-title">
              <span>Info</span>
            </div> <!-- suite-section-title -->
            <div class="suite-section-content">
              <ul>
                <li>
                  <a href="#" panel-name="test-xml-FormaOS_Enterprise_Test_Suite" class="navigator-link ">
                    <span>testng.xml</span>
                  </a> <!-- navigator-link  -->
                </li>
                <li>
                  <a href="#" panel-name="testlist-FormaOS_Enterprise_Test_Suite" class="navigator-link ">
                    <span class="test-stats">4 tests</span>
                  </a> <!-- navigator-link  -->
                </li>
                <li>
                  <a href="#" panel-name="group-FormaOS_Enterprise_Test_Suite" class="navigator-link ">
                    <span>0 groups</span>
                  </a> <!-- navigator-link  -->
                </li>
                <li>
                  <a href="#" panel-name="times-FormaOS_Enterprise_Test_Suite" class="navigator-link ">
                    <span>Times</span>
                  </a> <!-- navigator-link  -->
                </li>
                <li>
                  <a href="#" panel-name="reporter-FormaOS_Enterprise_Test_Suite" class="navigator-link ">
                    <span>Reporter output</span>
                  </a> <!-- navigator-link  -->
                </li>
                <li>
                  <a href="#" panel-name="ignored-methods-FormaOS_Enterprise_Test_Suite" class="navigator-link ">
                    <span>Ignored methods</span>
                  </a> <!-- navigator-link  -->
                </li>
                <li>
                  <a href="#" panel-name="chronological-FormaOS_Enterprise_Test_Suite" class="navigator-link ">
                    <span>Chronological view</span>
                  </a> <!-- navigator-link  -->
                </li>
              </ul>
            </div> <!-- suite-section-content -->
            <div class="result-section">
              <div class="suite-section-title">
                <span>Results</span>
              </div> <!-- suite-section-title -->
              <div class="suite-section-content">
                <ul>
                  <li>
                    <span class="method-stats">13 methods, 1 failed,   12 passed</span>
                  </li>
                  <li>
                    <span class="method-list-title failed">Failed methods</span>
                    <span class="show-or-hide-methods failed">
                      <a href="#" panel-name="suite-FormaOS_Enterprise_Test_Suite" class="hide-methods failed suite-FormaOS_Enterprise_Test_Suite"> (hide)</a> <!-- hide-methods failed suite-FormaOS_Enterprise_Test_Suite -->
                      <a href="#" panel-name="suite-FormaOS_Enterprise_Test_Suite" class="show-methods failed suite-FormaOS_Enterprise_Test_Suite"> (show)</a> <!-- show-methods failed suite-FormaOS_Enterprise_Test_Suite -->
                    </span>
                    <div class="method-list-content failed suite-FormaOS_Enterprise_Test_Suite">
                      <span>
                        <img src="failed.png" width="3%"/>
                        <a href="#" panel-name="suite-FormaOS_Enterprise_Test_Suite" title="com.formaos.tests.AcceptInviteUAT" class="method navigator-link" hash-for-method="testAcceptInviteFlow">testAcceptInviteFlow</a> <!-- method navigator-link -->
                      </span>
                      <br/>
                    </div> <!-- method-list-content failed suite-FormaOS_Enterprise_Test_Suite -->
                  </li>
                  <li>
                    <span class="method-list-title passed">Passed methods</span>
                    <span class="show-or-hide-methods passed">
                      <a href="#" panel-name="suite-FormaOS_Enterprise_Test_Suite" class="hide-methods passed suite-FormaOS_Enterprise_Test_Suite"> (hide)</a> <!-- hide-methods passed suite-FormaOS_Enterprise_Test_Suite -->
                      <a href="#" panel-name="suite-FormaOS_Enterprise_Test_Suite" class="show-methods passed suite-FormaOS_Enterprise_Test_Suite"> (show)</a> <!-- show-methods passed suite-FormaOS_Enterprise_Test_Suite -->
                    </span>
                    <div class="method-list-content passed suite-FormaOS_Enterprise_Test_Suite">
                      <span>
                        <img src="passed.png" width="3%"/>
                        <a href="#" panel-name="suite-FormaOS_Enterprise_Test_Suite" title="com.formaos.tests.AuthFlowTests" class="method navigator-link" hash-for-method="testAuthPageNavigation">testAuthPageNavigation</a> <!-- method navigator-link -->
                      </span>
                      <br/>
                      <span>
                        <img src="passed.png" width="3%"/>
                        <a href="#" panel-name="suite-FormaOS_Enterprise_Test_Suite" title="com.formaos.tests.IntegrationTests" class="method navigator-link" hash-for-method="testBillingPlanSchemaIntegration">testBillingPlanSchemaIntegration</a> <!-- method navigator-link -->
                      </span>
                      <br/>
                      <span>
                        <img src="passed.png" width="3%"/>
                        <a href="#" panel-name="suite-FormaOS_Enterprise_Test_Suite" title="com.formaos.tests.IntegrationTests" class="method navigator-link" hash-for-method="testFeatureGatingBySubscription">testFeatureGatingBySubscription</a> <!-- method navigator-link -->
                      </span>
                      <br/>
                      <span>
                        <img src="passed.png" width="3%"/>
                        <a href="#" panel-name="suite-FormaOS_Enterprise_Test_Suite" title="com.formaos.tests.CTATests" class="method navigator-link" hash-for-method="testLoginFromHome">testLoginFromHome</a> <!-- method navigator-link -->
                      </span>
                      <br/>
                      <span>
                        <img src="passed.png" width="3%"/>
                        <a href="#" panel-name="suite-FormaOS_Enterprise_Test_Suite" title="com.formaos.tests.AuthFlowTests" class="method navigator-link" hash-for-method="testLoginPageAccessible">testLoginPageAccessible</a> <!-- method navigator-link -->
                      </span>
                      <br/>
                      <span>
                        <img src="passed.png" width="3%"/>
                        <a href="#" panel-name="suite-FormaOS_Enterprise_Test_Suite" title="com.formaos.tests.IntegrationTests" class="method navigator-link" hash-for-method="testRLSApiEnforcement">testRLSApiEnforcement</a> <!-- method navigator-link -->
                      </span>
                      <br/>
                      <span>
                        <img src="passed.png" width="3%"/>
                        <a href="#" panel-name="suite-FormaOS_Enterprise_Test_Suite" title="com.formaos.tests.CTATests" class="method navigator-link" hash-for-method="testRequestDemoFromHome">testRequestDemoFromHome</a> <!-- method navigator-link -->
                      </span>
                      <br/>
                      <span>
                        <img src="passed.png" width="3%"/>
                        <a href="#" panel-name="suite-FormaOS_Enterprise_Test_Suite" title="com.formaos.tests.IntegrationTests" class="method navigator-link" hash-for-method="testRoleBasedUIPermissions">testRoleBasedUIPermissions</a> <!-- method navigator-link -->
                      </span>
                      <br/>
                      <span>
                        <img src="passed.png" width="3%"/>
                        <a href="#" panel-name="suite-FormaOS_Enterprise_Test_Suite" title="com.formaos.tests.AuthFlowTests" class="method navigator-link" hash-for-method="testSignupPageAccessible">testSignupPageAccessible</a> <!-- method navigator-link -->
                      </span>
                      <br/>
                      <span>
                        <img src="passed.png" width="3%"/>
                        <a href="#" panel-name="suite-FormaOS_Enterprise_Test_Suite" title="com.formaos.tests.CTATests" class="method navigator-link" hash-for-method="testStartFreeTrialFromHome">testStartFreeTrialFromHome</a> <!-- method navigator-link -->
                      </span>
                      <br/>
                      <span>
                        <img src="passed.png" width="3%"/>
                        <a href="#" panel-name="suite-FormaOS_Enterprise_Test_Suite" title="com.formaos.tests.IntegrationTests" class="method navigator-link" hash-for-method="testSupabaseAuthFrontend">testSupabaseAuthFrontend</a> <!-- method navigator-link -->
                      </span>
                      <br/>
                      <span>
                        <img src="passed.png" width="3%"/>
                        <a href="#" panel-name="suite-FormaOS_Enterprise_Test_Suite" title="com.formaos.tests.IntegrationTests" class="method navigator-link" hash-for-method="testTrialActivationDashboardAccess">testTrialActivationDashboardAccess</a> <!-- method navigator-link -->
                      </span>
                      <br/>
                    </div> <!-- method-list-content passed suite-FormaOS_Enterprise_Test_Suite -->
                  </li>
                </ul>
              </div> <!-- suite-section-content -->
            </div> <!-- result-section -->
          </div> <!-- navigator-suite-content -->
        </div> <!-- rounded-window -->
      </div> <!-- suite -->
    </div> <!-- navigator-root -->
    <div class="wrapper">
      <div class="main-panel-root">
        <div panel-name="suite-FormaOS_Enterprise_Test_Suite" class="panel FormaOS_Enterprise_Test_Suite">
          <div class="suite-FormaOS_Enterprise_Test_Suite-class-failed">
            <div class="main-panel-header rounded-window-top">
              <img src="failed.png"/>
              <span class="class-name">com.formaos.tests.AcceptInviteUAT</span>
            </div> <!-- main-panel-header rounded-window-top -->
            <div class="main-panel-content rounded-window-bottom">
              <div class="method">
                <div class="method-content">
                  <a name="testAcceptInviteFlow">
                  </a> <!-- testAcceptInviteFlow -->
                  <span class="method-name">testAcceptInviteFlow</span>
                  <div class="stack-trace">java.lang.AssertionError: Invite flow is security-compliant and did not crash. See evidence for details. expected [true] but found [false]
	at com.formaos.tests.AcceptInviteUAT.testAcceptInviteFlow(AcceptInviteUAT.java:86)
	at java.base/java.util.ArrayList.forEach(ArrayList.java:1604)
	at java.base/java.util.concurrent.FutureTask.run(FutureTask.java:328)
	at java.base/java.util.concurrent.ThreadPoolExecutor.runWorker(ThreadPoolExecutor.java:1090)
	at java.base/java.util.concurrent.ThreadPoolExecutor$Worker.run(ThreadPoolExecutor.java:614)
	at java.base/java.lang.Thread.run(Thread.java:1474)
... Removed 18 stack frames
</div> <!-- stack-trace -->
                  <em>
(UAT: Accept organization invite and verify onboarding, security, and error handling)                  </em>
                </div> <!-- method-content -->
              </div> <!-- method -->
            </div> <!-- main-panel-content rounded-window-bottom -->
          </div> <!-- suite-FormaOS_Enterprise_Test_Suite-class-failed -->
          <div class="suite-FormaOS_Enterprise_Test_Suite-class-passed">
            <div class="main-panel-header rounded-window-top">
              <img src="passed.png"/>
              <span class="class-name">com.formaos.tests.IntegrationTests</span>
            </div> <!-- main-panel-header rounded-window-top -->
            <div class="main-panel-content rounded-window-bottom">
              <div class="method">
                <div class="method-content">
                  <a name="testBillingPlanSchemaIntegration">
                  </a> <!-- testBillingPlanSchemaIntegration -->
                  <span class="method-name">testBillingPlanSchemaIntegration</span>
                  <em>
(Verify billing/plan logic and schema integration)                  </em>
                </div> <!-- method-content -->
              </div> <!-- method -->
              <div class="method">
                <div class="method-content">
                  <a name="testFeatureGatingBySubscription">
                  </a> <!-- testFeatureGatingBySubscription -->
                  <span class="method-name">testFeatureGatingBySubscription</span>
                  <em>
(Verify feature gating by subscription state)                  </em>
                </div> <!-- method-content -->
              </div> <!-- method -->
              <div class="method">
                <div class="method-content">
                  <a name="testRLSApiEnforcement">
                  </a> <!-- testRLSApiEnforcement -->
                  <span class="method-name">testRLSApiEnforcement</span>
                  <em>
(Verify RLS enforcement on API routes)                  </em>
                </div> <!-- method-content -->
              </div> <!-- method -->
              <div class="method">
                <div class="method-content">
                  <a name="testRoleBasedUIPermissions">
                  </a> <!-- testRoleBasedUIPermissions -->
                  <span class="method-name">testRoleBasedUIPermissions</span>
                  <em>
(Verify role-based UI and permissions)                  </em>
                </div> <!-- method-content -->
              </div> <!-- method -->
              <div class="method">
                <div class="method-content">
                  <a name="testSupabaseAuthFrontend">
                  </a> <!-- testSupabaseAuthFrontend -->
                  <span class="method-name">testSupabaseAuthFrontend</span>
                  <em>
(Verify Supabase auth integration with frontend)                  </em>
                </div> <!-- method-content -->
              </div> <!-- method -->
              <div class="method">
                <div class="method-content">
                  <a name="testTrialActivationDashboardAccess">
                  </a> <!-- testTrialActivationDashboardAccess -->
                  <span class="method-name">testTrialActivationDashboardAccess</span>
                  <em>
(Verify trial activation enables dashboard access)                  </em>
                </div> <!-- method-content -->
              </div> <!-- method -->
            </div> <!-- main-panel-content rounded-window-bottom -->
          </div> <!-- suite-FormaOS_Enterprise_Test_Suite-class-passed -->
          <div class="suite-FormaOS_Enterprise_Test_Suite-class-passed">
            <div class="main-panel-header rounded-window-top">
              <img src="passed.png"/>
              <span class="class-name">com.formaos.tests.CTATests</span>
            </div> <!-- main-panel-header rounded-window-top -->
            <div class="main-panel-content rounded-window-bottom">
              <div class="method">
                <div class="method-content">
                  <a name="testLoginFromHome">
                  </a> <!-- testLoginFromHome -->
                  <span class="method-name">testLoginFromHome</span>
                  <em>
(Verify Login CTA from homepage)                  </em>
                </div> <!-- method-content -->
              </div> <!-- method -->
              <div class="method">
                <div class="method-content">
                  <a name="testRequestDemoFromHome">
                  </a> <!-- testRequestDemoFromHome -->
                  <span class="method-name">testRequestDemoFromHome</span>
                  <em>
(Verify Request Demo CTA from homepage)                  </em>
                </div> <!-- method-content -->
              </div> <!-- method -->
              <div class="method">
                <div class="method-content">
                  <a name="testStartFreeTrialFromHome">
                  </a> <!-- testStartFreeTrialFromHome -->
                  <span class="method-name">testStartFreeTrialFromHome</span>
                  <em>
(Verify Start Free Trial CTA from homepage)                  </em>
                </div> <!-- method-content -->
              </div> <!-- method -->
            </div> <!-- main-panel-content rounded-window-bottom -->
          </div> <!-- suite-FormaOS_Enterprise_Test_Suite-class-passed -->
          <div class="suite-FormaOS_Enterprise_Test_Suite-class-passed">
            <div class="main-panel-header rounded-window-top">
              <img src="passed.png"/>
              <span class="class-name">com.formaos.tests.AuthFlowTests</span>
            </div> <!-- main-panel-header rounded-window-top -->
            <div class="main-panel-content rounded-window-bottom">
              <div class="method">
                <div class="method-content">
                  <a name="testAuthPageNavigation">
                  </a> <!-- testAuthPageNavigation -->
                  <span class="method-name">testAuthPageNavigation</span>
                  <em>
(Verify navigation between login and signup)                  </em>
                </div> <!-- method-content -->
              </div> <!-- method -->
              <div class="method">
                <div class="method-content">
                  <a name="testLoginPageAccessible">
                  </a> <!-- testLoginPageAccessible -->
                  <span class="method-name">testLoginPageAccessible</span>
                  <em>
(Verify login page is accessible)                  </em>
                </div> <!-- method-content -->
              </div> <!-- method -->
              <div class="method">
                <div class="method-content">
                  <a name="testSignupPageAccessible">
                  </a> <!-- testSignupPageAccessible -->
                  <span class="method-name">testSignupPageAccessible</span>
                  <em>
(Verify signup page is accessible)                  </em>
                </div> <!-- method-content -->
              </div> <!-- method -->
            </div> <!-- main-panel-content rounded-window-bottom -->
          </div> <!-- suite-FormaOS_Enterprise_Test_Suite-class-passed -->
        </div> <!-- panel FormaOS_Enterprise_Test_Suite -->
        <div panel-name="test-xml-FormaOS_Enterprise_Test_Suite" class="panel">
          <div class="main-panel-header rounded-window-top">
            <span class="header-content">/Users/ejay/formaos/selenium-tests/testng.xml</span>
          </div> <!-- main-panel-header rounded-window-top -->
          <div class="main-panel-content rounded-window-bottom">
            <pre>
&lt;?xml version=&quot;1.0&quot; encoding=&quot;UTF-8&quot;?&gt;
&lt;!DOCTYPE suite SYSTEM &quot;https://testng.org/testng-1.0.dtd&quot;&gt;
&lt;suite thread-count=&quot;2&quot; parallel=&quot;tests&quot; name=&quot;FormaOS Enterprise Test Suite&quot; guice-stage=&quot;DEVELOPMENT&quot; verbose=&quot;0&quot;&gt;
  &lt;parameter name=&quot;headless&quot; value=&quot;false&quot;/&gt;
  &lt;parameter name=&quot;baseUrl&quot; value=&quot;http://localhost:3000&quot;/&gt;
  &lt;parameter name=&quot;browser&quot; value=&quot;chrome&quot;/&gt;
  &lt;listeners&gt;
    &lt;listener class-name=&quot;com.formaos.utils.TestListener&quot;/&gt;
  &lt;/listeners&gt;
  &lt;test thread-count=&quot;2&quot; parallel=&quot;tests&quot; name=&quot;UAT: Accept Invite&quot; verbose=&quot;0&quot;&gt;
    &lt;classes&gt;
      &lt;class name=&quot;com.formaos.tests.AcceptInviteUAT&quot;/&gt;
    &lt;/classes&gt;
  &lt;/test&gt; &lt;!-- UAT: Accept Invite --&gt;
  &lt;test thread-count=&quot;2&quot; parallel=&quot;tests&quot; name=&quot;Authentication Tests&quot; verbose=&quot;0&quot;&gt;
    &lt;classes&gt;
      &lt;class name=&quot;com.formaos.tests.AuthFlowTests&quot;/&gt;
    &lt;/classes&gt;
  &lt;/test&gt; &lt;!-- Authentication Tests --&gt;
  &lt;test thread-count=&quot;2&quot; parallel=&quot;tests&quot; name=&quot;CTA Tests&quot; verbose=&quot;0&quot;&gt;
    &lt;classes&gt;
      &lt;class name=&quot;com.formaos.tests.CTATests&quot;/&gt;
    &lt;/classes&gt;
  &lt;/test&gt; &lt;!-- CTA Tests --&gt;
  &lt;test thread-count=&quot;2&quot; parallel=&quot;tests&quot; name=&quot;Integration Tests&quot; verbose=&quot;0&quot;&gt;
    &lt;classes&gt;
      &lt;class name=&quot;com.formaos.tests.IntegrationTests&quot;/&gt;
    &lt;/classes&gt;
  &lt;/test&gt; &lt;!-- Integration Tests --&gt;
&lt;/suite&gt; &lt;!-- FormaOS Enterprise Test Suite --&gt;
            </pre>
          </div> <!-- main-panel-content rounded-window-bottom -->
        </div> <!-- panel -->
        <div panel-name="testlist-FormaOS_Enterprise_Test_Suite" class="panel">
          <div class="main-panel-header rounded-window-top">
            <span class="header-content">Tests for FormaOS Enterprise Test Suite</span>
          </div> <!-- main-panel-header rounded-window-top -->
          <div class="main-panel-content rounded-window-bottom">
            <ul>
              <li>
                <span class="test-name">UAT: Accept Invite (1 class)</span>
              </li>
              <li>
                <span class="test-name">Authentication Tests (1 class)</span>
              </li>
              <li>
                <span class="test-name">CTA Tests (1 class)</span>
              </li>
              <li>
                <span class="test-name">Integration Tests (1 class)</span>
              </li>
            </ul>
          </div> <!-- main-panel-content rounded-window-bottom -->
        </div> <!-- panel -->
        <div panel-name="group-FormaOS_Enterprise_Test_Suite" class="panel">
          <div class="main-panel-header rounded-window-top">
            <span class="header-content">Groups for FormaOS Enterprise Test Suite</span>
          </div> <!-- main-panel-header rounded-window-top -->
          <div class="main-panel-content rounded-window-bottom">
          </div> <!-- main-panel-content rounded-window-bottom -->
        </div> <!-- panel -->
        <div panel-name="times-FormaOS_Enterprise_Test_Suite" class="panel">
          <div class="main-panel-header rounded-window-top">
            <span class="header-content">Times for FormaOS Enterprise Test Suite</span>
          </div> <!-- main-panel-header rounded-window-top -->
          <div class="main-panel-content rounded-window-bottom">
            <div class="times-div">
              <script type="text/javascript">
suiteTableInitFunctions.push('tableData_FormaOS_Enterprise_Test_Suite');
function tableData_FormaOS_Enterprise_Test_Suite() {
var data = new google.visualization.DataTable();
data.addColumn('number', 'Number');
data.addColumn('string', 'Method');
data.addColumn('string', 'Class');
data.addColumn('number', 'Time (ms)');
data.addRows(13);
data.setCell(0, 0, 0)
data.setCell(0, 1, 'testAcceptInviteFlow')
data.setCell(0, 2, 'com.formaos.tests.AcceptInviteUAT')
data.setCell(0, 3, 30994);
data.setCell(1, 0, 1)
data.setCell(1, 1, 'testAuthPageNavigation')
data.setCell(1, 2, 'com.formaos.tests.AuthFlowTests')
data.setCell(1, 3, 6960);
data.setCell(2, 0, 2)
data.setCell(2, 1, 'testLoginFromHome')
data.setCell(2, 2, 'com.formaos.tests.CTATests')
data.setCell(2, 3, 3087);
data.setCell(3, 0, 3)
data.setCell(3, 1, 'testStartFreeTrialFromHome')
data.setCell(3, 2, 'com.formaos.tests.CTATests')
data.setCell(3, 3, 3024);
data.setCell(4, 0, 4)
data.setCell(4, 1, 'testRequestDemoFromHome')
data.setCell(4, 2, 'com.formaos.tests.CTATests')
data.setCell(4, 3, 3015);
data.setCell(5, 0, 5)
data.setCell(5, 1, 'testSupabaseAuthFrontend')
data.setCell(5, 2, 'com.formaos.tests.IntegrationTests')
data.setCell(5, 3, 2975);
data.setCell(6, 0, 6)
data.setCell(6, 1, 'testLoginPageAccessible')
data.setCell(6, 2, 'com.formaos.tests.AuthFlowTests')
data.setCell(6, 3, 2533);
data.setCell(7, 0, 7)
data.setCell(7, 1, 'testSignupPageAccessible')
data.setCell(7, 2, 'com.formaos.tests.AuthFlowTests')
data.setCell(7, 3, 2113);
data.setCell(8, 0, 8)
data.setCell(8, 1, 'testRLSApiEnforcement')
data.setCell(8, 2, 'com.formaos.tests.IntegrationTests')
data.setCell(8, 3, 0);
data.setCell(9, 0, 9)
data.setCell(9, 1, 'testTrialActivationDashboardAccess')
data.setCell(9, 2, 'com.formaos.tests.IntegrationTests')
data.setCell(9, 3, 0);
data.setCell(10, 0, 10)
data.setCell(10, 1, 'testBillingPlanSchemaIntegration')
data.setCell(10, 2, 'com.formaos.tests.IntegrationTests')
data.setCell(10, 3, 0);
data.setCell(11, 0, 11)
data.setCell(11, 1, 'testFeatureGatingBySubscription')
data.setCell(11, 2, 'com.formaos.tests.IntegrationTests')
data.setCell(11, 3, 0);
data.setCell(12, 0, 12)
data.setCell(12, 1, 'testRoleBasedUIPermissions')
data.setCell(12, 2, 'com.formaos.tests.IntegrationTests')
data.setCell(12, 3, 0);
window.suiteTableData['FormaOS_Enterprise_Test_Suite']= { tableData: data, tableDiv: 'times-div-FormaOS_Enterprise_Test_Suite'}
return data;
}
              </script>
              <span class="suite-total-time">Total running time: 32 seconds</span>
              <div id="times-div-FormaOS_Enterprise_Test_Suite">
              </div> <!-- times-div-FormaOS_Enterprise_Test_Suite -->
            </div> <!-- times-div -->
          </div> <!-- main-panel-content rounded-window-bottom -->
        </div> <!-- panel -->
        <div panel-name="reporter-FormaOS_Enterprise_Test_Suite" class="panel">
          <div class="main-panel-header rounded-window-top">
            <span class="header-content">Reporter output for FormaOS Enterprise Test Suite</span>
          </div> <!-- main-panel-header rounded-window-top -->
          <div class="main-panel-content rounded-window-bottom">
          </div> <!-- main-panel-content rounded-window-bottom -->
        </div> <!-- panel -->
        <div panel-name="ignored-methods-FormaOS_Enterprise_Test_Suite" class="panel">
          <div class="main-panel-header rounded-window-top">
            <span class="header-content">0 ignored methods</span>
          </div> <!-- main-panel-header rounded-window-top -->
          <div class="main-panel-content rounded-window-bottom">
          </div> <!-- main-panel-content rounded-window-bottom -->
        </div> <!-- panel -->
        <div panel-name="chronological-FormaOS_Enterprise_Test_Suite" class="panel">
          <div class="main-panel-header rounded-window-top">
            <span class="header-content">Methods in chronological order</span>
          </div> <!-- main-panel-header rounded-window-top -->
          <div class="main-panel-content rounded-window-bottom">
            <div class="chronological-class">
              <div class="chronological-class-name">com.formaos.tests.AcceptInviteUAT</div> <!-- chronological-class-name -->
              <div class="configuration-class before">
                <span class="method-name">setupClass(chrome, http://localhost:3000)</span>
                <span class="method-start">0 ms</span>
              </div> <!-- configuration-class before -->
            </div> <!-- chronological-class -->
            <div class="chronological-class">
              <div class="chronological-class-name">com.formaos.tests.AuthFlowTests</div> <!-- chronological-class-name -->
              <div class="configuration-class before">
                <span class="method-name">setupClass(chrome, http://localhost:3000)</span>
                <span class="method-start">0 ms</span>
              </div> <!-- configuration-class before -->
            </div> <!-- chronological-class -->
            <div class="chronological-class">
              <div class="chronological-class-name">com.formaos.tests.AcceptInviteUAT</div> <!-- chronological-class-name -->
              <div class="configuration-method before">
                <span class="method-name">setup</span>
                <span class="method-start">10 ms</span>
              </div> <!-- configuration-method before -->
            </div> <!-- chronological-class -->
            <div class="chronological-class">
              <div class="chronological-class-name">com.formaos.tests.AuthFlowTests</div> <!-- chronological-class-name -->
              <div class="configuration-method before">
                <span class="method-name">setup</span>
                <span class="method-start">10 ms</span>
              </div> <!-- configuration-method before -->
            </div> <!-- chronological-class -->
            <div class="chronological-class">
              <div class="chronological-class-name">com.formaos.tests.AcceptInviteUAT</div> <!-- chronological-class-name -->
              <div class="test-method">
                <img src="failed.png">
                </img>
                <span class="method-name">testAcceptInviteFlow</span>
                <span class="method-start">1465 ms</span>
              </div> <!-- test-method -->
            </div> <!-- chronological-class -->
            <div class="chronological-class">
              <div class="chronological-class-name">com.formaos.tests.AuthFlowTests</div> <!-- chronological-class-name -->
              <div class="test-method">
                <span class="method-name">testSignupPageAccessible</span>
                <span class="method-start">1465 ms</span>
              </div> <!-- test-method -->
              <div class="configuration-method after">
                <span class="method-name">tearDown([TestResult name=testSignupPageAccessible status=SUCCESS method=AuthFlowTests.testSignupPageAccessib...)</span>
                <span class="method-start">3580 ms</span>
              </div> <!-- configuration-method after -->
              <div class="configuration-method before">
                <span class="method-name">setup</span>
                <span class="method-start">3671 ms</span>
              </div> <!-- configuration-method before -->
              <div class="test-method">
                <span class="method-name">testLoginPageAccessible</span>
                <span class="method-start">4340 ms</span>
              </div> <!-- test-method -->
              <div class="configuration-method after">
                <span class="method-name">tearDown([TestResult name=testLoginPageAccessible status=SUCCESS method=AuthFlowTests.testLoginPageAccessible...)</span>
                <span class="method-start">6874 ms</span>
              </div> <!-- configuration-method after -->
              <div class="configuration-method before">
                <span class="method-name">setup</span>
                <span class="method-start">6966 ms</span>
              </div> <!-- configuration-method before -->
              <div class="test-method">
                <span class="method-name">testAuthPageNavigation</span>
                <span class="method-start">7621 ms</span>
              </div> <!-- test-method -->
              <div class="configuration-method after">
                <span class="method-name">tearDown([TestResult name=testAuthPageNavigation status=SUCCESS method=AuthFlowTests.testAuthPageNavigation()...)</span>
                <span class="method-start">14581 ms</span>
              </div> <!-- configuration-method after -->
              <div class="configuration-class after">
                <span class="method-name">tearDownClass</span>
                <span class="method-start">14663 ms</span>
              </div> <!-- configuration-class after -->
            </div> <!-- chronological-class -->
            <div class="chronological-class">
              <div class="chronological-class-name">com.formaos.tests.CTATests</div> <!-- chronological-class-name -->
              <div class="configuration-class before">
                <span class="method-name">setupClass(chrome, http://localhost:3000)</span>
                <span class="method-start">14682 ms</span>
              </div> <!-- configuration-class before -->
              <div class="configuration-method before">
                <span class="method-name">setup</span>
                <span class="method-start">14683 ms</span>
              </div> <!-- configuration-method before -->
              <div class="test-method">
                <span class="method-name">testLoginFromHome</span>
                <span class="method-start">15241 ms</span>
              </div> <!-- test-method -->
              <div class="configuration-method after">
                <span class="method-name">tearDown([TestResult name=testLoginFromHome status=SUCCESS method=CTATests.testLoginFromHome()[pri:0, instanc...)</span>
                <span class="method-start">18329 ms</span>
              </div> <!-- configuration-method after -->
              <div class="configuration-method before">
                <span class="method-name">setup</span>
                <span class="method-start">18415 ms</span>
              </div> <!-- configuration-method before -->
              <div class="test-method">
                <span class="method-name">testRequestDemoFromHome</span>
                <span class="method-start">19074 ms</span>
              </div> <!-- test-method -->
              <div class="configuration-method after">
                <span class="method-name">tearDown([TestResult name=testRequestDemoFromHome status=SUCCESS method=CTATests.testRequestDemoFromHome()[pr...)</span>
                <span class="method-start">22089 ms</span>
              </div> <!-- configuration-method after -->
              <div class="configuration-method before">
                <span class="method-name">setup</span>
                <span class="method-start">22170 ms</span>
              </div> <!-- configuration-method before -->
              <div class="test-method">
                <span class="method-name">testStartFreeTrialFromHome</span>
                <span class="method-start">22774 ms</span>
              </div> <!-- test-method -->
              <div class="configuration-method after">
                <span class="method-name">tearDown([TestResult name=testStartFreeTrialFromHome status=SUCCESS method=CTATests.testStartFreeTrialFromHom...)</span>
                <span class="method-start">25799 ms</span>
              </div> <!-- configuration-method after -->
              <div class="configuration-class after">
                <span class="method-name">tearDownClass</span>
                <span class="method-start">25892 ms</span>
              </div> <!-- configuration-class after -->
            </div> <!-- chronological-class -->
            <div class="chronological-class">
              <div class="chronological-class-name">com.formaos.tests.IntegrationTests</div> <!-- chronological-class-name -->
              <div class="configuration-class before">
                <span class="method-name">setupClass(chrome, http://localhost:3000)</span>
                <span class="method-start">25895 ms</span>
              </div> <!-- configuration-class before -->
              <div class="configuration-method before">
                <span class="method-name">setup</span>
                <span class="method-start">25896 ms</span>
              </div> <!-- configuration-method before -->
              <div class="configuration-method after">
                <span class="method-name">tearDown([TestResult name=testBillingPlanSchemaIntegration status=SUCCESS method=IntegrationTests.testBilling...)</span>
                <span class="method-start">26589 ms</span>
              </div> <!-- configuration-method after -->
              <div class="test-method">
                <span class="method-name">testBillingPlanSchemaIntegration</span>
                <span class="method-start">26589 ms</span>
              </div> <!-- test-method -->
              <div class="configuration-method before">
                <span class="method-name">setup</span>
                <span class="method-start">26668 ms</span>
              </div> <!-- configuration-method before -->
              <div class="test-method">
                <span class="method-name">testFeatureGatingBySubscription</span>
                <span class="method-start">27311 ms</span>
              </div> <!-- test-method -->
              <div class="configuration-method after">
                <span class="method-name">tearDown([TestResult name=testFeatureGatingBySubscription status=SUCCESS method=IntegrationTests.testFeatureG...)</span>
                <span class="method-start">27312 ms</span>
              </div> <!-- configuration-method after -->
              <div class="configuration-method before">
                <span class="method-name">setup</span>
                <span class="method-start">27392 ms</span>
              </div> <!-- configuration-method before -->
              <div class="test-method">
                <span class="method-name">testRLSApiEnforcement</span>
                <span class="method-start">27947 ms</span>
              </div> <!-- test-method -->
              <div class="configuration-method after">
                <span class="method-name">tearDown([TestResult name=testRLSApiEnforcement status=SUCCESS method=IntegrationTests.testRLSApiEnforcement(...)</span>
                <span class="method-start">27948 ms</span>
              </div> <!-- configuration-method after -->
              <div class="configuration-method before">
                <span class="method-name">setup</span>
                <span class="method-start">28031 ms</span>
              </div> <!-- configuration-method before -->
              <div class="configuration-method after">
                <span class="method-name">tearDown([TestResult name=testRoleBasedUIPermissions status=SUCCESS method=IntegrationTests.testRoleBasedUIPe...)</span>
                <span class="method-start">28712 ms</span>
              </div> <!-- configuration-method after -->
              <div class="test-method">
                <span class="method-name">testRoleBasedUIPermissions</span>
                <span class="method-start">28712 ms</span>
              </div> <!-- test-method -->
              <div class="configuration-method before">
                <span class="method-name">setup</span>
                <span class="method-start">28795 ms</span>
              </div> <!-- configuration-method before -->
              <div class="test-method">
                <span class="method-name">testSupabaseAuthFrontend</span>
                <span class="method-start">29364 ms</span>
              </div> <!-- test-method -->
              <div class="configuration-method after">
                <span class="method-name">tearDown([TestResult name=testSupabaseAuthFrontend status=SUCCESS method=IntegrationTests.testSupabaseAuthFro...)</span>
                <span class="method-start">32340 ms</span>
              </div> <!-- configuration-method after -->
              <div class="configuration-method before">
                <span class="method-name">setup</span>
                <span class="method-start">32425 ms</span>
              </div> <!-- configuration-method before -->
            </div> <!-- chronological-class -->
            <div class="chronological-class">
              <div class="chronological-class-name">com.formaos.tests.AcceptInviteUAT</div> <!-- chronological-class-name -->
              <div class="configuration-method after">
                <span class="method-name">tearDown([TestResult name=testAcceptInviteFlow status=FAILURE method=AcceptInviteUAT.testAcceptInviteFlow()[p...)</span>
                <span class="method-start">32460 ms</span>
              </div> <!-- configuration-method after -->
              <div class="configuration-class after">
                <span class="method-name">tearDownClass</span>
                <span class="method-start">32637 ms</span>
              </div> <!-- configuration-class after -->
            </div> <!-- chronological-class -->
            <div class="chronological-class">
              <div class="chronological-class-name">com.formaos.tests.IntegrationTests</div> <!-- chronological-class-name -->
              <div class="test-method">
                <span class="method-name">testTrialActivationDashboardAccess</span>
                <span class="method-start">33119 ms</span>
              </div> <!-- test-method -->
              <div class="configuration-method after">
                <span class="method-name">tearDown([TestResult name=testTrialActivationDashboardAccess status=SUCCESS method=IntegrationTests.testTrial...)</span>
                <span class="method-start">33119 ms</span>
              </div> <!-- configuration-method after -->
              <div class="configuration-class after">
                <span class="method-name">tearDownClass</span>
                <span class="method-start">33200 ms</span>
              </div> <!-- configuration-class after -->
          </div> <!-- main-panel-content rounded-window-bottom -->
        </div> <!-- panel -->
      </div> <!-- main-panel-root -->
    </div> <!-- wrapper -->
  </body>
<script type="text/javascript" src="testng-reports2.js"></script>
</html>
