<?xml version="1.0" encoding="UTF-8"?>
<testsuite xmlns:xsi="http://www.w3.org/2001/XMLSchema-instance" xsi:noNamespaceSchemaLocation="https://maven.apache.org/surefire/maven-surefire-plugin/xsd/surefire-test-report-3.0.xsd" version="3.0" name="TestSuite" time="33.384" tests="13" errors="0" skipped="0" failures="1">
  <properties>
[...]
</properties>
  <testcase name="testSignupPageAccessible" classname="com.formaos.tests.AuthFlowTests" time="2.115">
    <system-out><![CDATA[
╔════════════════════════════════════════╗

╔════════════════════════════════════════╗
║   FORMAOS ENTERPRISE TEST SUITE        ║
║   FORMAOS ENTERPRISE TEST SUITE        ║
║   Suite: Authentication Tests                    ║
║   Suite: UAT: Accept Invite                    ║
╚════════════════════════════════════════╝

╚════════════════════════════════════════╝

=== Test Class Setup ===
=== Test Class Setup ===
Browser: chrome
Browser: chrome
Base URL: http://localhost:3000
Base URL: http://localhost:3000

--- Starting Test ---

--- Starting Test ---
WebDriver initialized successfully
WebDriver initialized successfully

========================================

========================================
TEST STARTED: testSignupPageAccessible
========================================
TEST STARTED: testAcceptInviteFlow
========================================
Navigating to: http://localhost:3000/auth/signup
Navigating to: http://localhost:3000/auth/signin
Navigating to: http://localhost:3000/accept-invite/REPLACE_WITH_VALID_TOKEN
✅ Signup page accessible

✅ TEST PASSED: testSignupPageAccessible
]]></system-out>
    <system-err><![CDATA[SLF4J(W): No SLF4J providers were found.
SLF4J(W): Defaulting to no-operation (NOP) logger implementation
SLF4J(W): See https://www.slf4j.org/codes.html#noProviders for further details.
Jan 19, 2026 1:02:35 AM org.openqa.selenium.devtools.CdpVersionFinder findNearestMatch
WARNING: Unable to find CDP implementation matching 143
Jan 19, 2026 1:02:35 AM org.openqa.selenium.devtools.CdpVersionFinder findNearestMatch
WARNING: Unable to find CDP implementation matching 143
Jan 19, 2026 1:02:35 AM org.openqa.selenium.chromium.ChromiumDriver lambda$new$5
WARNING: Unable to find version of CDP to use for 143.0.7499.193. You may need to include a dependency on a specific version of the CDP using something similar to `org.seleniumhq.selenium:selenium-devtools-v86:4.16.1` where the version ("v86") matches the version of the chromium-based browser you're using and the version number of the artifact is the same as Selenium's.
Jan 19, 2026 1:02:35 AM org.openqa.selenium.chromium.ChromiumDriver lambda$new$5
WARNING: Unable to find version of CDP to use for 143.0.7499.193. You may need to include a dependency on a specific version of the CDP using something similar to `org.seleniumhq.selenium:selenium-devtools-v86:4.16.1` where the version ("v86") matches the version of the chromium-based browser you're using and the version number of the artifact is the same as Selenium's.
]]></system-err>
  </testcase>
  <testcase name="testLoginPageAccessible" classname="com.formaos.tests.AuthFlowTests" time="2.533">
    <system-out><![CDATA[
--- Test Completed ---
Test Status: PASSED
WebDriver closed

--- Starting Test ---
WebDriver initialized successfully

========================================
TEST STARTED: testLoginPageAccessible
========================================
Navigating to: http://localhost:3000/auth/signin
✅ Login page accessible

✅ TEST PASSED: testLoginPageAccessible
]]></system-out>
    <system-err><![CDATA[Jan 19, 2026 1:02:38 AM org.openqa.selenium.devtools.CdpVersionFinder findNearestMatch
WARNING: Unable to find CDP implementation matching 143
Jan 19, 2026 1:02:38 AM org.openqa.selenium.chromium.ChromiumDriver lambda$new$5
WARNING: Unable to find version of CDP to use for 143.0.7499.193. You may need to include a dependency on a specific version of the CDP using something similar to `org.seleniumhq.selenium:selenium-devtools-v86:4.16.1` where the version ("v86") matches the version of the chromium-based browser you're using and the version number of the artifact is the same as Selenium's.
]]></system-err>
  </testcase>
  <testcase name="testAuthPageNavigation" classname="com.formaos.tests.AuthFlowTests" time="6.959">
    <system-out><![CDATA[
--- Test Completed ---
Test Status: PASSED
WebDriver closed

--- Starting Test ---
WebDriver initialized successfully

========================================
TEST STARTED: testAuthPageNavigation
========================================
Navigating to: http://localhost:3000/auth/signin
Navigating to: http://localhost:3000/auth/signup
Navigating to: http://localhost:3000/auth/signin
✅ Auth page navigation functional

✅ TEST PASSED: testAuthPageNavigation
]]></system-out>
    <system-err><![CDATA[Jan 19, 2026 1:02:41 AM org.openqa.selenium.devtools.CdpVersionFinder findNearestMatch
WARNING: Unable to find CDP implementation matching 143
Jan 19, 2026 1:02:41 AM org.openqa.selenium.chromium.ChromiumDriver lambda$new$5
WARNING: Unable to find version of CDP to use for 143.0.7499.193. You may need to include a dependency on a specific version of the CDP using something similar to `org.seleniumhq.selenium:selenium-devtools-v86:4.16.1` where the version ("v86") matches the version of the chromium-based browser you're using and the version number of the artifact is the same as Selenium's.
]]></system-err>
  </testcase>
  <testcase name="testLoginFromHome" classname="com.formaos.tests.CTATests" time="3.091">
    <system-out><![CDATA[
--- Test Completed ---
Test Status: PASSED
WebDriver closed

=== Test Class Completed ===


╔════════════════════════════════════════╗
║   TEST SUITE COMPLETED                 ║
║   Passed: 3                              ║
║   Failed: 0                              ║
║   Skipped: 0                             ║
╚════════════════════════════════════════╝


╔════════════════════════════════════════╗
║   FORMAOS ENTERPRISE TEST SUITE        ║
║   Suite: CTA Tests                    ║
╚════════════════════════════════════════╝

=== Test Class Setup ===
Browser: chrome
Base URL: http://localhost:3000

--- Starting Test ---
WebDriver initialized successfully

========================================
TEST STARTED: testLoginFromHome
========================================
Navigating to: http://localhost:3000
✅ Login CTA works from homepage

✅ TEST PASSED: testLoginFromHome
]]></system-out>
    <system-err><![CDATA[Jan 19, 2026 1:02:49 AM org.openqa.selenium.devtools.CdpVersionFinder findNearestMatch
WARNING: Unable to find CDP implementation matching 143
Jan 19, 2026 1:02:49 AM org.openqa.selenium.chromium.ChromiumDriver lambda$new$5
WARNING: Unable to find version of CDP to use for 143.0.7499.193. You may need to include a dependency on a specific version of the CDP using something similar to `org.seleniumhq.selenium:selenium-devtools-v86:4.16.1` where the version ("v86") matches the version of the chromium-based browser you're using and the version number of the artifact is the same as Selenium's.
]]></system-err>
  </testcase>
  <testcase name="testRequestDemoFromHome" classname="com.formaos.tests.CTATests" time="3.014">
    <system-out><![CDATA[
--- Test Completed ---
Test Status: PASSED
WebDriver closed

--- Starting Test ---
WebDriver initialized successfully

========================================
TEST STARTED: testRequestDemoFromHome
========================================
Navigating to: http://localhost:3000
✅ Request Demo CTA works from homepage

✅ TEST PASSED: testRequestDemoFromHome
]]></system-out>
    <system-err><![CDATA[Jan 19, 2026 1:02:53 AM org.openqa.selenium.devtools.CdpVersionFinder findNearestMatch
WARNING: Unable to find CDP implementation matching 143
Jan 19, 2026 1:02:53 AM org.openqa.selenium.chromium.ChromiumDriver lambda$new$5
WARNING: Unable to find version of CDP to use for 143.0.7499.193. You may need to include a dependency on a specific version of the CDP using something similar to `org.seleniumhq.selenium:selenium-devtools-v86:4.16.1` where the version ("v86") matches the version of the chromium-based browser you're using and the version number of the artifact is the same as Selenium's.
]]></system-err>
  </testcase>
  <testcase name="testStartFreeTrialFromHome" classname="com.formaos.tests.CTATests" time="3.025">
    <system-out><![CDATA[
--- Test Completed ---
Test Status: PASSED
WebDriver closed

--- Starting Test ---
WebDriver initialized successfully

========================================
TEST STARTED: testStartFreeTrialFromHome
========================================
Navigating to: http://localhost:3000
✅ Start Free Trial CTA works from homepage

✅ TEST PASSED: testStartFreeTrialFromHome
]]></system-out>
    <system-err><![CDATA[Jan 19, 2026 1:02:56 AM org.openqa.selenium.devtools.CdpVersionFinder findNearestMatch
WARNING: Unable to find CDP implementation matching 143
Jan 19, 2026 1:02:56 AM org.openqa.selenium.chromium.ChromiumDriver lambda$new$5
WARNING: Unable to find version of CDP to use for 143.0.7499.193. You may need to include a dependency on a specific version of the CDP using something similar to `org.seleniumhq.selenium:selenium-devtools-v86:4.16.1` where the version ("v86") matches the version of the chromium-based browser you're using and the version number of the artifact is the same as Selenium's.
]]></system-err>
  </testcase>
  <testcase name="testBillingPlanSchemaIntegration" classname="com.formaos.tests.IntegrationTests" time="0.0">
    <system-out><![CDATA[
--- Test Completed ---
Test Status: PASSED
WebDriver closed

=== Test Class Completed ===


╔════════════════════════════════════════╗
║   TEST SUITE COMPLETED                 ║
║   Passed: 3                              ║
║   Failed: 0                              ║
║   Skipped: 0                             ║
╚════════════════════════════════════════╝


╔════════════════════════════════════════╗
║   FORMAOS ENTERPRISE TEST SUITE        ║
║   Suite: Integration Tests                    ║
╚════════════════════════════════════════╝

=== Test Class Setup ===
Browser: chrome
Base URL: http://localhost:3000

--- Starting Test ---
WebDriver initialized successfully

========================================
TEST STARTED: testBillingPlanSchemaIntegration
========================================

✅ TEST PASSED: testBillingPlanSchemaIntegration
]]></system-out>
    <system-err><![CDATA[Jan 19, 2026 1:03:00 AM org.openqa.selenium.devtools.CdpVersionFinder findNearestMatch
WARNING: Unable to find CDP implementation matching 143
Jan 19, 2026 1:03:00 AM org.openqa.selenium.chromium.ChromiumDriver lambda$new$5
WARNING: Unable to find version of CDP to use for 143.0.7499.193. You may need to include a dependency on a specific version of the CDP using something similar to `org.seleniumhq.selenium:selenium-devtools-v86:4.16.1` where the version ("v86") matches the version of the chromium-based browser you're using and the version number of the artifact is the same as Selenium's.
]]></system-err>
  </testcase>
  <testcase name="testFeatureGatingBySubscription" classname="com.formaos.tests.IntegrationTests" time="0.0">
    <system-out><![CDATA[
--- Test Completed ---
Test Status: PASSED
WebDriver closed

--- Starting Test ---
WebDriver initialized successfully

========================================
TEST STARTED: testFeatureGatingBySubscription
========================================

✅ TEST PASSED: testFeatureGatingBySubscription
]]></system-out>
    <system-err><![CDATA[Jan 19, 2026 1:03:01 AM org.openqa.selenium.devtools.CdpVersionFinder findNearestMatch
WARNING: Unable to find CDP implementation matching 143
Jan 19, 2026 1:03:01 AM org.openqa.selenium.chromium.ChromiumDriver lambda$new$5
WARNING: Unable to find version of CDP to use for 143.0.7499.193. You may need to include a dependency on a specific version of the CDP using something similar to `org.seleniumhq.selenium:selenium-devtools-v86:4.16.1` where the version ("v86") matches the version of the chromium-based browser you're using and the version number of the artifact is the same as Selenium's.
]]></system-err>
  </testcase>
  <testcase name="testRLSApiEnforcement" classname="com.formaos.tests.IntegrationTests" time="0.0">
    <system-out><![CDATA[
--- Test Completed ---
Test Status: PASSED
WebDriver closed

--- Starting Test ---
WebDriver initialized successfully

========================================
TEST STARTED: testRLSApiEnforcement
========================================

✅ TEST PASSED: testRLSApiEnforcement
]]></system-out>
    <system-err><![CDATA[Jan 19, 2026 1:03:01 AM org.openqa.selenium.devtools.CdpVersionFinder findNearestMatch
WARNING: Unable to find CDP implementation matching 143
Jan 19, 2026 1:03:01 AM org.openqa.selenium.chromium.ChromiumDriver lambda$new$5
WARNING: Unable to find version of CDP to use for 143.0.7499.193. You may need to include a dependency on a specific version of the CDP using something similar to `org.seleniumhq.selenium:selenium-devtools-v86:4.16.1` where the version ("v86") matches the version of the chromium-based browser you're using and the version number of the artifact is the same as Selenium's.
]]></system-err>
  </testcase>
  <testcase name="testRoleBasedUIPermissions" classname="com.formaos.tests.IntegrationTests" time="0.001">
    <system-out><![CDATA[
--- Test Completed ---
Test Status: PASSED
WebDriver closed

--- Starting Test ---
WebDriver initialized successfully

========================================
TEST STARTED: testRoleBasedUIPermissions
========================================

✅ TEST PASSED: testRoleBasedUIPermissions
]]></system-out>
    <system-err><![CDATA[Jan 19, 2026 1:03:02 AM org.openqa.selenium.devtools.CdpVersionFinder findNearestMatch
WARNING: Unable to find CDP implementation matching 143
Jan 19, 2026 1:03:02 AM org.openqa.selenium.chromium.ChromiumDriver lambda$new$5
WARNING: Unable to find version of CDP to use for 143.0.7499.193. You may need to include a dependency on a specific version of the CDP using something similar to `org.seleniumhq.selenium:selenium-devtools-v86:4.16.1` where the version ("v86") matches the version of the chromium-based browser you're using and the version number of the artifact is the same as Selenium's.
]]></system-err>
  </testcase>
  <testcase name="testSupabaseAuthFrontend" classname="com.formaos.tests.IntegrationTests" time="2.976">
    <system-out><![CDATA[
--- Test Completed ---
Test Status: PASSED
WebDriver closed

--- Starting Test ---
WebDriver initialized successfully

========================================
TEST STARTED: testSupabaseAuthFrontend
========================================
Navigating to: http://localhost:3000

✅ TEST PASSED: testSupabaseAuthFrontend
]]></system-out>
    <system-err><![CDATA[Jan 19, 2026 1:03:03 AM org.openqa.selenium.devtools.CdpVersionFinder findNearestMatch
WARNING: Unable to find CDP implementation matching 143
Jan 19, 2026 1:03:03 AM org.openqa.selenium.chromium.ChromiumDriver lambda$new$5
WARNING: Unable to find version of CDP to use for 143.0.7499.193. You may need to include a dependency on a specific version of the CDP using something similar to `org.seleniumhq.selenium:selenium-devtools-v86:4.16.1` where the version ("v86") matches the version of the chromium-based browser you're using and the version number of the artifact is the same as Selenium's.
]]></system-err>
  </testcase>
  <testcase name="testTrialActivationDashboardAccess" classname="com.formaos.tests.IntegrationTests" time="0.0">
    <system-out><![CDATA[
--- Test Completed ---
Test Status: FAILED
Screenshot captured: test-results/screenshots/testAcceptInviteFlow_20260119_010306.png
Screenshot saved: test-results/screenshots/testAcceptInviteFlow_20260119_010306.png
WebDriver closed

=== Test Class Completed ===


╔════════════════════════════════════════╗
║   TEST SUITE COMPLETED                 ║
║   Passed: 0                              ║
║   Failed: 1                              ║
║   Skipped: 0                             ║
╚════════════════════════════════════════╝

WebDriver initialized successfully

========================================
TEST STARTED: testTrialActivationDashboardAccess
========================================

✅ TEST PASSED: testTrialActivationDashboardAccess
]]></system-out>
    <system-err><![CDATA[Jan 19, 2026 1:03:07 AM org.openqa.selenium.devtools.CdpVersionFinder findNearestMatch
WARNING: Unable to find CDP implementation matching 143
Jan 19, 2026 1:03:07 AM org.openqa.selenium.chromium.ChromiumDriver lambda$new$5
WARNING: Unable to find version of CDP to use for 143.0.7499.193. You may need to include a dependency on a specific version of the CDP using something similar to `org.seleniumhq.selenium:selenium-devtools-v86:4.16.1` where the version ("v86") matches the version of the chromium-based browser you're using and the version number of the artifact is the same as Selenium's.
]]></system-err>
  </testcase>
  <testcase name="testAcceptInviteFlow" classname="com.formaos.tests.AcceptInviteUAT" time="3.098">
    <failure message="Invite flow is security-compliant and did not crash. See evidence for details. expected [true] but found [false]" type="java.lang.AssertionError"><![CDATA[java.lang.AssertionError: Invite flow is security-compliant and did not crash. See evidence for details. expected [true] but found [false]
	at org.testng.Assert.fail(Assert.java:111)
	at org.testng.Assert.failNotEquals(Assert.java:1578)
	at org.testng.Assert.assertTrue(Assert.java:57)
	at com.formaos.tests.AcceptInviteUAT.testAcceptInviteFlow(AcceptInviteUAT.java:86)
	at java.base/jdk.internal.reflect.DirectMethodHandleAccessor.invoke(DirectMethodHandleAccessor.java:104)
	at java.base/java.lang.reflect.Method.invoke(Method.java:565)
	at org.testng.internal.invokers.MethodInvocationHelper.invokeMethod(MethodInvocationHelper.java:139)
	at org.testng.internal.invokers.TestInvoker.invokeMethod(TestInvoker.java:664)
	at org.testng.internal.invokers.TestInvoker.invokeTestMethod(TestInvoker.java:228)
	at org.testng.internal.invokers.MethodRunner.runInSequence(MethodRunner.java:63)
	at org.testng.internal.invokers.TestInvoker$MethodInvocationAgent.invoke(TestInvoker.java:961)
	at org.testng.internal.invokers.TestInvoker.invokeTestMethods(TestInvoker.java:201)
	at org.testng.internal.invokers.TestMethodWorker.invokeTestMethods(TestMethodWorker.java:148)
	at org.testng.internal.invokers.TestMethodWorker.run(TestMethodWorker.java:128)
	at java.base/java.util.ArrayList.forEach(ArrayList.java:1604)
	at org.testng.TestRunner.privateRun(TestRunner.java:819)
	at org.testng.TestRunner.run(TestRunner.java:619)
	at org.testng.SuiteRunner.runTest(SuiteRunner.java:443)
	at org.testng.SuiteRunner$SuiteWorker.run(SuiteRunner.java:481)
	at org.testng.internal.thread.ThreadUtil.lambda$execute$0(ThreadUtil.java:58)
	at java.base/java.util.concurrent.FutureTask.run(FutureTask.java:328)
	at java.base/java.util.concurrent.ThreadPoolExecutor.runWorker(ThreadPoolExecutor.java:1090)
	at java.base/java.util.concurrent.ThreadPoolExecutor$Worker.run(ThreadPoolExecutor.java:614)
	at java.base/java.lang.Thread.run(Thread.java:1474)
]]></failure>
    <system-out><![CDATA[
--- Test Completed ---
Test Status: PASSED
WebDriver closed

--- Starting Test ---
Current URL: http://localhost:3000/accept-invite/REPLACE_WITH_VALID_TOKEN
Auth state: unknown

❌ TEST FAILED: testAcceptInviteFlow
Failure Reason: Invite flow is security-compliant and did not crash. See evidence for details. expected [true] but found [false]
]]></system-out>
  </testcase>
</testsuite>