<?xml version="1.0" encoding="UTF-8"?>
<testng-results ignored="0" total="13" passed="12" failed="1" skipped="0">
  <reporter-output>
  </reporter-output>
  <suite started-at="2026-01-19T01:02:34 ACDT" name="FormaOS Enterprise Test Suite" finished-at="2026-01-19T01:03:07 ACDT" duration-ms="33206">
    <groups>
    </groups>
    <test started-at="2026-01-19T01:02:34 ACDT" name="Authentication Tests" finished-at="2026-01-19T01:02:48 ACDT" duration-ms="14668">
      <class name="com.formaos.tests.AuthFlowTests">
        <test-method is-config="true" signature="setupClass(java.lang.String,java.lang.String)[pri:0, instance:com.formaos.tests.AuthFlowTests@3eb7fc54]" started-at="2026-01-19T01:02:34 ACDT" name="setupClass" finished-at="2026-01-19T01:02:34 ACDT" duration-ms="8" status="PASS">
          <params>
            <param index="0">
              <value>
                <![CDATA[chrome]]>
              </value>
            </param>
            <param index="1">
              <value>
                <![CDATA[http://localhost:3000]]>
              </value>
            </param>
          </params>
          <reporter-output>
          </reporter-output>
        </test-method> <!-- setupClass -->
        <test-method is-config="true" signature="setup()[pri:0, instance:com.formaos.tests.AuthFlowTests@3eb7fc54]" started-at="2026-01-19T01:02:34 ACDT" name="setup" finished-at="2026-01-19T01:02:35 ACDT" duration-ms="1455" status="PASS">
          <reporter-output>
          </reporter-output>
        </test-method> <!-- setup -->
        <test-method signature="testSignupPageAccessible()[pri:1, instance:com.formaos.tests.AuthFlowTests@3eb7fc54]" started-at="2026-01-19T01:02:35 ACDT" name="testSignupPageAccessible" description="Verify signup page is accessible" finished-at="2026-01-19T01:02:37 ACDT" duration-ms="2113" status="PASS">
          <reporter-output>
          </reporter-output>
        </test-method> <!-- testSignupPageAccessible -->
        <test-method is-config="true" signature="tearDown(org.testng.ITestResult)[pri:0, instance:com.formaos.tests.AuthFlowTests@3eb7fc54]" started-at="2026-01-19T01:02:37 ACDT" name="tearDown" finished-at="2026-01-19T01:02:37 ACDT" duration-ms="90" status="PASS">
          <params>
            <param index="0">
              <value>
                <![CDATA[[TestResult name=testSignupPageAccessible status=SUCCESS method=AuthFlowTests.testSignupPageAccessible()[pri:1, instance:com.formaos.tests.AuthFlowTests@3eb7fc54] output={null}]]]>
              </value>
            </param>
          </params>
          <reporter-output>
          </reporter-output>
        </test-method> <!-- tearDown -->
        <test-method is-config="true" signature="setup()[pri:0, instance:com.formaos.tests.AuthFlowTests@3eb7fc54]" started-at="2026-01-19T01:02:37 ACDT" name="setup" finished-at="2026-01-19T01:02:38 ACDT" duration-ms="669" status="PASS">
          <reporter-output>
          </reporter-output>
        </test-method> <!-- setup -->
        <test-method signature="testLoginPageAccessible()[pri:2, instance:com.formaos.tests.AuthFlowTests@3eb7fc54]" started-at="2026-01-19T01:02:38 ACDT" name="testLoginPageAccessible" description="Verify login page is accessible" finished-at="2026-01-19T01:02:40 ACDT" duration-ms="2533" status="PASS">
          <reporter-output>
          </reporter-output>
        </test-method> <!-- testLoginPageAccessible -->
        <test-method is-config="true" signature="tearDown(org.testng.ITestResult)[pri:0, instance:com.formaos.tests.AuthFlowTests@3eb7fc54]" started-at="2026-01-19T01:02:40 ACDT" name="tearDown" finished-at="2026-01-19T01:02:41 ACDT" duration-ms="91" status="PASS">
          <params>
            <param index="0">
              <value>
                <![CDATA[[TestResult name=testLoginPageAccessible status=SUCCESS method=AuthFlowTests.testLoginPageAccessible()[pri:2, instance:com.formaos.tests.AuthFlowTests@3eb7fc54] output={null}]]]>
              </value>
            </param>
          </params>
          <reporter-output>
          </reporter-output>
        </test-method> <!-- tearDown -->
        <test-method is-config="true" signature="setup()[pri:0, instance:com.formaos.tests.AuthFlowTests@3eb7fc54]" started-at="2026-01-19T01:02:41 ACDT" name="setup" finished-at="2026-01-19T01:02:41 ACDT" duration-ms="655" status="PASS">
          <reporter-output>
          </reporter-output>
        </test-method> <!-- setup -->
        <test-method signature="testAuthPageNavigation()[pri:3, instance:com.formaos.tests.AuthFlowTests@3eb7fc54]" started-at="2026-01-19T01:02:41 ACDT" name="testAuthPageNavigation" description="Verify navigation between login and signup" finished-at="2026-01-19T01:02:48 ACDT" duration-ms="6960" status="PASS">
          <reporter-output>
          </reporter-output>
        </test-method> <!-- testAuthPageNavigation -->
        <test-method is-config="true" signature="tearDown(org.testng.ITestResult)[pri:0, instance:com.formaos.tests.AuthFlowTests@3eb7fc54]" started-at="2026-01-19T01:02:48 ACDT" name="tearDown" finished-at="2026-01-19T01:02:48 ACDT" duration-ms="81" status="PASS">
          <params>
            <param index="0">
              <value>
                <![CDATA[[TestResult name=testAuthPageNavigation status=SUCCESS method=AuthFlowTests.testAuthPageNavigation()[pri:3, instance:com.formaos.tests.AuthFlowTests@3eb7fc54] output={null}]]]>
              </value>
            </param>
          </params>
          <reporter-output>
          </reporter-output>
        </test-method> <!-- tearDown -->
        <test-method is-config="true" signature="tearDownClass()[pri:0, instance:com.formaos.tests.AuthFlowTests@3eb7fc54]" started-at="2026-01-19T01:02:48 ACDT" name="tearDownClass" finished-at="2026-01-19T01:02:48 ACDT" duration-ms="0" status="PASS">
          <reporter-output>
          </reporter-output>
        </test-method> <!-- tearDownClass -->
      </class> <!-- com.formaos.tests.AuthFlowTests -->
    </test> <!-- Authentication Tests -->
    <test started-at="2026-01-19T01:02:48 ACDT" name="CTA Tests" finished-at="2026-01-19T01:02:59 ACDT" duration-ms="11211">
      <class name="com.formaos.tests.CTATests">
        <test-method is-config="true" signature="setupClass(java.lang.String,java.lang.String)[pri:0, instance:com.formaos.tests.CTATests@1b1473ab]" started-at="2026-01-19T01:02:48 ACDT" name="setupClass" finished-at="2026-01-19T01:02:48 ACDT" duration-ms="1" status="PASS">
          <params>
            <param index="0">
              <value>
                <![CDATA[chrome]]>
              </value>
            </param>
            <param index="1">
              <value>
                <![CDATA[http://localhost:3000]]>
              </value>
            </param>
          </params>
          <reporter-output>
          </reporter-output>
        </test-method> <!-- setupClass -->
        <test-method is-config="true" signature="setup()[pri:0, instance:com.formaos.tests.CTATests@1b1473ab]" started-at="2026-01-19T01:02:48 ACDT" name="setup" finished-at="2026-01-19T01:02:49 ACDT" duration-ms="557" status="PASS">
          <reporter-output>
          </reporter-output>
        </test-method> <!-- setup -->
        <test-method signature="testLoginFromHome()[pri:0, instance:com.formaos.tests.CTATests@1b1473ab]" started-at="2026-01-19T01:02:49 ACDT" name="testLoginFromHome" description="Verify Login CTA from homepage" finished-at="2026-01-19T01:02:52 ACDT" duration-ms="3087" status="PASS">
          <reporter-output>
          </reporter-output>
        </test-method> <!-- testLoginFromHome -->
        <test-method is-config="true" signature="tearDown(org.testng.ITestResult)[pri:0, instance:com.formaos.tests.CTATests@1b1473ab]" started-at="2026-01-19T01:02:52 ACDT" name="tearDown" finished-at="2026-01-19T01:02:52 ACDT" duration-ms="85" status="PASS">
          <params>
            <param index="0">
              <value>
                <![CDATA[[TestResult name=testLoginFromHome status=SUCCESS method=CTATests.testLoginFromHome()[pri:0, instance:com.formaos.tests.CTATests@1b1473ab] output={null}]]]>
              </value>
            </param>
          </params>
          <reporter-output>
          </reporter-output>
        </test-method> <!-- tearDown -->
        <test-method is-config="true" signature="setup()[pri:0, instance:com.formaos.tests.CTATests@1b1473ab]" started-at="2026-01-19T01:02:52 ACDT" name="setup" finished-at="2026-01-19T01:02:53 ACDT" duration-ms="659" status="PASS">
          <reporter-output>
          </reporter-output>
        </test-method> <!-- setup -->
        <test-method signature="testRequestDemoFromHome()[pri:0, instance:com.formaos.tests.CTATests@1b1473ab]" started-at="2026-01-19T01:02:53 ACDT" name="testRequestDemoFromHome" description="Verify Request Demo CTA from homepage" finished-at="2026-01-19T01:02:56 ACDT" duration-ms="3015" status="PASS">
          <reporter-output>
          </reporter-output>
        </test-method> <!-- testRequestDemoFromHome -->
        <test-method is-config="true" signature="tearDown(org.testng.ITestResult)[pri:0, instance:com.formaos.tests.CTATests@1b1473ab]" started-at="2026-01-19T01:02:56 ACDT" name="tearDown" finished-at="2026-01-19T01:02:56 ACDT" duration-ms="81" status="PASS">
          <params>
            <param index="0">
              <value>
                <![CDATA[[TestResult name=testRequestDemoFromHome status=SUCCESS method=CTATests.testRequestDemoFromHome()[pri:0, instance:com.formaos.tests.CTATests@1b1473ab] output={null}]]]>
              </value>
            </param>
          </params>
          <reporter-output>
          </reporter-output>
        </test-method> <!-- tearDown -->
        <test-method is-config="true" signature="setup()[pri:0, instance:com.formaos.tests.CTATests@1b1473ab]" started-at="2026-01-19T01:02:56 ACDT" name="setup" finished-at="2026-01-19T01:02:56 ACDT" duration-ms="603" status="PASS">
          <reporter-output>
          </reporter-output>
        </test-method> <!-- setup -->
        <test-method signature="testStartFreeTrialFromHome()[pri:0, instance:com.formaos.tests.CTATests@1b1473ab]" started-at="2026-01-19T01:02:56 ACDT" name="testStartFreeTrialFromHome" description="Verify Start Free Trial CTA from homepage" finished-at="2026-01-19T01:02:59 ACDT" duration-ms="3024" status="PASS">
          <reporter-output>
          </reporter-output>
        </test-method> <!-- testStartFreeTrialFromHome -->
        <test-method is-config="true" signature="tearDown(org.testng.ITestResult)[pri:0, instance:com.formaos.tests.CTATests@1b1473ab]" started-at="2026-01-19T01:02:59 ACDT" name="tearDown" finished-at="2026-01-19T01:02:59 ACDT" duration-ms="93" status="PASS">
          <params>
            <param index="0">
              <value>
                <![CDATA[[TestResult name=testStartFreeTrialFromHome status=SUCCESS method=CTATests.testStartFreeTrialFromHome()[pri:0, instance:com.formaos.tests.CTATests@1b1473ab] output={null}]]]>
              </value>
            </param>
          </params>
          <reporter-output>
          </reporter-output>
        </test-method> <!-- tearDown -->
        <test-method is-config="true" signature="tearDownClass()[pri:0, instance:com.formaos.tests.CTATests@1b1473ab]" started-at="2026-01-19T01:02:59 ACDT" name="tearDownClass" finished-at="2026-01-19T01:02:59 ACDT" duration-ms="1" status="PASS">
          <reporter-output>
          </reporter-output>
        </test-method> <!-- tearDownClass -->
      </class> <!-- com.formaos.tests.CTATests -->
    </test> <!-- CTA Tests -->
    <test started-at="2026-01-19T01:02:34 ACDT" name="UAT: Accept Invite" finished-at="2026-01-19T01:03:06 ACDT" duration-ms="32642">
      <class name="com.formaos.tests.AcceptInviteUAT">
        <test-method is-config="true" signature="setupClass(java.lang.String,java.lang.String)[pri:0, instance:com.formaos.tests.AcceptInviteUAT@2bbf180e]" started-at="2026-01-19T01:02:34 ACDT" name="setupClass" finished-at="2026-01-19T01:02:34 ACDT" duration-ms="8" status="PASS">
          <params>
            <param index="0">
              <value>
                <![CDATA[chrome]]>
              </value>
            </param>
            <param index="1">
              <value>
                <![CDATA[http://localhost:3000]]>
              </value>
            </param>
          </params>
          <reporter-output>
          </reporter-output>
        </test-method> <!-- setupClass -->
        <test-method is-config="true" signature="setup()[pri:0, instance:com.formaos.tests.AcceptInviteUAT@2bbf180e]" started-at="2026-01-19T01:02:34 ACDT" name="setup" finished-at="2026-01-19T01:02:35 ACDT" duration-ms="1455" status="PASS">
          <reporter-output>
          </reporter-output>
        </test-method> <!-- setup -->
        <test-method signature="testAcceptInviteFlow()[pri:0, instance:com.formaos.tests.AcceptInviteUAT@2bbf180e]" started-at="2026-01-19T01:02:35 ACDT" name="testAcceptInviteFlow" description="UAT: Accept organization invite and verify onboarding, security, and error handling" finished-at="2026-01-19T01:03:06 ACDT" duration-ms="30994" status="FAIL">
          <exception class="java.lang.AssertionError">
            <message>
              <![CDATA[Invite flow is security-compliant and did not crash. See evidence for details. expected [true] but found [false]]]>
            </message>
            <full-stacktrace>
              <![CDATA[java.lang.AssertionError: Invite flow is security-compliant and did not crash. See evidence for details. expected [true] but found [false]
at org.testng.Assert.fail(Assert.java:111)
at org.testng.Assert.failNotEquals(Assert.java:1578)
at org.testng.Assert.assertTrue(Assert.java:57)
at com.formaos.tests.AcceptInviteUAT.testAcceptInviteFlow(AcceptInviteUAT.java:86)
at java.base/jdk.internal.reflect.DirectMethodHandleAccessor.invoke(DirectMethodHandleAccessor.java:104)
at java.base/java.lang.reflect.Method.invoke(Method.java:565)
at org.testng.internal.invokers.MethodInvocationHelper.invokeMethod(MethodInvocationHelper.java:139)
at org.testng.internal.invokers.TestInvoker.invokeMethod(TestInvoker.java:664)
at org.testng.internal.invokers.TestInvoker.invokeTestMethod(TestInvoker.java:228)
at org.testng.internal.invokers.MethodRunner.runInSequence(MethodRunner.java:63)
at org.testng.internal.invokers.TestInvoker$MethodInvocationAgent.invoke(TestInvoker.java:961)
at org.testng.internal.invokers.TestInvoker.invokeTestMethods(TestInvoker.java:201)
at org.testng.internal.invokers.TestMethodWorker.invokeTestMethods(TestMethodWorker.java:148)
at org.testng.internal.invokers.TestMethodWorker.run(TestMethodWorker.java:128)
at java.base/java.util.ArrayList.forEach(ArrayList.java:1604)
at org.testng.TestRunner.privateRun(TestRunner.java:819)
at org.testng.TestRunner.run(TestRunner.java:619)
at org.testng.SuiteRunner.runTest(SuiteRunner.java:443)
at org.testng.SuiteRunner$SuiteWorker.run(SuiteRunner.java:481)
at org.testng.internal.thread.ThreadUtil.lambda$execute$0(ThreadUtil.java:58)
at java.base/java.util.concurrent.FutureTask.run(FutureTask.java:328)
at java.base/java.util.concurrent.ThreadPoolExecutor.runWorker(ThreadPoolExecutor.java:1090)
at java.base/java.util.concurrent.ThreadPoolExecutor$Worker.run(ThreadPoolExecutor.java:614)
at java.base/java.lang.Thread.run(Thread.java:1474)
]]>
            </full-stacktrace>
          </exception> <!-- java.lang.AssertionError -->
          <reporter-output>
          </reporter-output>
        </test-method> <!-- testAcceptInviteFlow -->
        <test-method is-config="true" signature="tearDown(org.testng.ITestResult)[pri:0, instance:com.formaos.tests.AcceptInviteUAT@2bbf180e]" started-at="2026-01-19T01:03:06 ACDT" name="tearDown" finished-at="2026-01-19T01:03:06 ACDT" duration-ms="176" status="PASS">
          <params>
            <param index="0">
              <value>
                <![CDATA[[TestResult name=testAcceptInviteFlow status=FAILURE method=AcceptInviteUAT.testAcceptInviteFlow()[pri:0, instance:com.formaos.tests.AcceptInviteUAT@2bbf180e] output={null}]]]>
              </value>
            </param>
          </params>
          <reporter-output>
          </reporter-output>
        </test-method> <!-- tearDown -->
        <test-method is-config="true" signature="tearDownClass()[pri:0, instance:com.formaos.tests.AcceptInviteUAT@2bbf180e]" started-at="2026-01-19T01:03:06 ACDT" name="tearDownClass" finished-at="2026-01-19T01:03:06 ACDT" duration-ms="0" status="PASS">
          <reporter-output>
          </reporter-output>
        </test-method> <!-- tearDownClass -->
      </class> <!-- com.formaos.tests.AcceptInviteUAT -->
    </test> <!-- UAT: Accept Invite -->
    <test started-at="2026-01-19T01:02:59 ACDT" name="Integration Tests" finished-at="2026-01-19T01:03:07 ACDT" duration-ms="7306">
      <class name="com.formaos.tests.IntegrationTests">
        <test-method is-config="true" signature="setupClass(java.lang.String,java.lang.String)[pri:0, instance:com.formaos.tests.IntegrationTests@7ce3cb8e]" started-at="2026-01-19T01:02:59 ACDT" name="setupClass" finished-at="2026-01-19T01:02:59 ACDT" duration-ms="1" status="PASS">
          <params>
            <param index="0">
              <value>
                <![CDATA[chrome]]>
              </value>
            </param>
            <param index="1">
              <value>
                <![CDATA[http://localhost:3000]]>
              </value>
            </param>
          </params>
          <reporter-output>
          </reporter-output>
        </test-method> <!-- setupClass -->
        <test-method is-config="true" signature="setup()[pri:0, instance:com.formaos.tests.IntegrationTests@7ce3cb8e]" started-at="2026-01-19T01:02:59 ACDT" name="setup" finished-at="2026-01-19T01:03:00 ACDT" duration-ms="693" status="PASS">
          <reporter-output>
          </reporter-output>
        </test-method> <!-- setup -->
        <test-method signature="testBillingPlanSchemaIntegration()[pri:0, instance:com.formaos.tests.IntegrationTests@7ce3cb8e]" started-at="2026-01-19T01:03:00 ACDT" name="testBillingPlanSchemaIntegration" description="Verify billing/plan logic and schema integration" finished-at="2026-01-19T01:03:00 ACDT" duration-ms="0" status="PASS">
          <reporter-output>
          </reporter-output>
        </test-method> <!-- testBillingPlanSchemaIntegration -->
        <test-method is-config="true" signature="tearDown(org.testng.ITestResult)[pri:0, instance:com.formaos.tests.IntegrationTests@7ce3cb8e]" started-at="2026-01-19T01:03:00 ACDT" name="tearDown" finished-at="2026-01-19T01:03:00 ACDT" duration-ms="78" status="PASS">
          <params>
            <param index="0">
              <value>
                <![CDATA[[TestResult name=testBillingPlanSchemaIntegration status=SUCCESS method=IntegrationTests.testBillingPlanSchemaIntegration()[pri:0, instance:com.formaos.tests.IntegrationTests@7ce3cb8e] output={null}]]]>
              </value>
            </param>
          </params>
          <reporter-output>
          </reporter-output>
        </test-method> <!-- tearDown -->
        <test-method is-config="true" signature="setup()[pri:0, instance:com.formaos.tests.IntegrationTests@7ce3cb8e]" started-at="2026-01-19T01:03:00 ACDT" name="setup" finished-at="2026-01-19T01:03:01 ACDT" duration-ms="643" status="PASS">
          <reporter-output>
          </reporter-output>
        </test-method> <!-- setup -->
        <test-method signature="testFeatureGatingBySubscription()[pri:0, instance:com.formaos.tests.IntegrationTests@7ce3cb8e]" started-at="2026-01-19T01:03:01 ACDT" name="testFeatureGatingBySubscription" description="Verify feature gating by subscription state" finished-at="2026-01-19T01:03:01 ACDT" duration-ms="0" status="PASS">
          <reporter-output>
          </reporter-output>
        </test-method> <!-- testFeatureGatingBySubscription -->
        <test-method is-config="true" signature="tearDown(org.testng.ITestResult)[pri:0, instance:com.formaos.tests.IntegrationTests@7ce3cb8e]" started-at="2026-01-19T01:03:01 ACDT" name="tearDown" finished-at="2026-01-19T01:03:01 ACDT" duration-ms="80" status="PASS">
          <params>
            <param index="0">
              <value>
                <![CDATA[[TestResult name=testFeatureGatingBySubscription status=SUCCESS method=IntegrationTests.testFeatureGatingBySubscription()[pri:0, instance:com.formaos.tests.IntegrationTests@7ce3cb8e] output={null}]]]>
              </value>
            </param>
          </params>
          <reporter-output>
          </reporter-output>
        </test-method> <!-- tearDown -->
        <test-method is-config="true" signature="setup()[pri:0, instance:com.formaos.tests.IntegrationTests@7ce3cb8e]" started-at="2026-01-19T01:03:01 ACDT" name="setup" finished-at="2026-01-19T01:03:01 ACDT" duration-ms="555" status="PASS">
          <reporter-output>
          </reporter-output>
        </test-method> <!-- setup -->
        <test-method signature="testRLSApiEnforcement()[pri:0, instance:com.formaos.tests.IntegrationTests@7ce3cb8e]" started-at="2026-01-19T01:03:01 ACDT" name="testRLSApiEnforcement" description="Verify RLS enforcement on API routes" finished-at="2026-01-19T01:03:01 ACDT" duration-ms="0" status="PASS">
          <reporter-output>
          </reporter-output>
        </test-method> <!-- testRLSApiEnforcement -->
        <test-method is-config="true" signature="tearDown(org.testng.ITestResult)[pri:0, instance:com.formaos.tests.IntegrationTests@7ce3cb8e]" started-at="2026-01-19T01:03:01 ACDT" name="tearDown" finished-at="2026-01-19T01:03:02 ACDT" duration-ms="82" status="PASS">
          <params>
            <param index="0">
              <value>
                <![CDATA[[TestResult name=testRLSApiEnforcement status=SUCCESS method=IntegrationTests.testRLSApiEnforcement()[pri:0, instance:com.formaos.tests.IntegrationTests@7ce3cb8e] output={null}]]]>
              </value>
            </param>
          </params>
          <reporter-output>
          </reporter-output>
        </test-method> <!-- tearDown -->
        <test-method is-config="true" signature="setup()[pri:0, instance:com.formaos.tests.IntegrationTests@7ce3cb8e]" started-at="2026-01-19T01:03:02 ACDT" name="setup" finished-at="2026-01-19T01:03:02 ACDT" duration-ms="681" status="PASS">
          <reporter-output>
          </reporter-output>
        </test-method> <!-- setup -->
        <test-method signature="testRoleBasedUIPermissions()[pri:0, instance:com.formaos.tests.IntegrationTests@7ce3cb8e]" started-at="2026-01-19T01:03:02 ACDT" name="testRoleBasedUIPermissions" description="Verify role-based UI and permissions" finished-at="2026-01-19T01:03:02 ACDT" duration-ms="0" status="PASS">
          <reporter-output>
          </reporter-output>
        </test-method> <!-- testRoleBasedUIPermissions -->
        <test-method is-config="true" signature="tearDown(org.testng.ITestResult)[pri:0, instance:com.formaos.tests.IntegrationTests@7ce3cb8e]" started-at="2026-01-19T01:03:02 ACDT" name="tearDown" finished-at="2026-01-19T01:03:02 ACDT" duration-ms="83" status="PASS">
          <params>
            <param index="0">
              <value>
                <![CDATA[[TestResult name=testRoleBasedUIPermissions status=SUCCESS method=IntegrationTests.testRoleBasedUIPermissions()[pri:0, instance:com.formaos.tests.IntegrationTests@7ce3cb8e] output={null}]]]>
              </value>
            </param>
          </params>
          <reporter-output>
          </reporter-output>
        </test-method> <!-- tearDown -->
        <test-method is-config="true" signature="setup()[pri:0, instance:com.formaos.tests.IntegrationTests@7ce3cb8e]" started-at="2026-01-19T01:03:02 ACDT" name="setup" finished-at="2026-01-19T01:03:03 ACDT" duration-ms="569" status="PASS">
          <reporter-output>
          </reporter-output>
        </test-method> <!-- setup -->
        <test-method signature="testSupabaseAuthFrontend()[pri:0, instance:com.formaos.tests.IntegrationTests@7ce3cb8e]" started-at="2026-01-19T01:03:03 ACDT" name="testSupabaseAuthFrontend" description="Verify Supabase auth integration with frontend" finished-at="2026-01-19T01:03:06 ACDT" duration-ms="2975" status="PASS">
          <reporter-output>
          </reporter-output>
        </test-method> <!-- testSupabaseAuthFrontend -->
        <test-method is-config="true" signature="tearDown(org.testng.ITestResult)[pri:0, instance:com.formaos.tests.IntegrationTests@7ce3cb8e]" started-at="2026-01-19T01:03:06 ACDT" name="tearDown" finished-at="2026-01-19T01:03:06 ACDT" duration-ms="84" status="PASS">
          <params>
            <param index="0">
              <value>
                <![CDATA[[TestResult name=testSupabaseAuthFrontend status=SUCCESS method=IntegrationTests.testSupabaseAuthFrontend()[pri:0, instance:com.formaos.tests.IntegrationTests@7ce3cb8e] output={null}]]]>
              </value>
            </param>
          </params>
          <reporter-output>
          </reporter-output>
        </test-method> <!-- tearDown -->
        <test-method is-config="true" signature="setup()[pri:0, instance:com.formaos.tests.IntegrationTests@7ce3cb8e]" started-at="2026-01-19T01:03:06 ACDT" name="setup" finished-at="2026-01-19T01:03:07 ACDT" duration-ms="694" status="PASS">
          <reporter-output>
          </reporter-output>
        </test-method> <!-- setup -->
        <test-method signature="testTrialActivationDashboardAccess()[pri:0, instance:com.formaos.tests.IntegrationTests@7ce3cb8e]" started-at="2026-01-19T01:03:07 ACDT" name="testTrialActivationDashboardAccess" description="Verify trial activation enables dashboard access" finished-at="2026-01-19T01:03:07 ACDT" duration-ms="0" status="PASS">
          <reporter-output>
          </reporter-output>
        </test-method> <!-- testTrialActivationDashboardAccess -->
        <test-method is-config="true" signature="tearDown(org.testng.ITestResult)[pri:0, instance:com.formaos.tests.IntegrationTests@7ce3cb8e]" started-at="2026-01-19T01:03:07 ACDT" name="tearDown" finished-at="2026-01-19T01:03:07 ACDT" duration-ms="81" status="PASS">
          <params>
            <param index="0">
              <value>
                <![CDATA[[TestResult name=testTrialActivationDashboardAccess status=SUCCESS method=IntegrationTests.testTrialActivationDashboardAccess()[pri:0, instance:com.formaos.tests.IntegrationTests@7ce3cb8e] output={null}]]]>
              </value>
            </param>
          </params>
          <reporter-output>
          </reporter-output>
        </test-method> <!-- tearDown -->
        <test-method is-config="true" signature="tearDownClass()[pri:0, instance:com.formaos.tests.IntegrationTests@7ce3cb8e]" started-at="2026-01-19T01:03:07 ACDT" name="tearDownClass" finished-at="2026-01-19T01:03:07 ACDT" duration-ms="1" status="PASS">
          <reporter-output>
          </reporter-output>
        </test-method> <!-- tearDownClass -->
      </class> <!-- com.formaos.tests.IntegrationTests -->
    </test> <!-- Integration Tests -->
  </suite> <!-- FormaOS Enterprise Test Suite -->
</testng-results>
