lib/feature-flags.ts(153,25): error TS1005: '>' expected.
lib/feature-flags.ts(153,37): error TS1109: Expression expected.
lib/feature-flags.ts(154,5): error TS1109: Expression expected.
lib/feature-flags.ts(157,33): error TS1005: '>' expected.
lib/feature-flags.ts(157,45): error TS1109: Expression expected.
lib/feature-flags.ts(158,5): error TS1109: Expression expected.
