lib/feature-flags.ts(162,25): error TS1005: '>' expected.
lib/feature-flags.ts(162,37): error TS1109: Expression expected.
lib/feature-flags.ts(163,5): error TS1109: Expression expected.
lib/feature-flags.ts(166,33): error TS1005: '>' expected.
lib/feature-flags.ts(166,45): error TS1109: Expression expected.
lib/feature-flags.ts(167,5): error TS1109: Expression expected.
