<?xml version="1.0" encoding="UTF-8"?>
<!-- Generated by org.testng.reporters.JUnitXMLReporter -->
<testsuite ignored="0" hostname="Mac.tpg_nbn" failures="0" tests="3" name="Authentication Tests" time="14.668" errors="0" timestamp="2026-01-19T01:02:48 ACDT">
  <testcase classname="com.formaos.tests.AuthFlowTests" name="testSignupPageAccessible" time="2.113"/>
  <testcase classname="com.formaos.tests.AuthFlowTests" name="testLoginPageAccessible" time="2.533"/>
  <testcase classname="com.formaos.tests.AuthFlowTests" name="testAuthPageNavigation" time="6.96"/>
</testsuite> <!-- Authentication Tests -->
