<?xml version="1.0" encoding="UTF-8"?>
<!-- Generated by org.testng.reporters.JUnitXMLReporter -->
<testsuite ignored="0" hostname="Mac.tpg_nbn" failures="0" tests="3" name="CTA Tests" time="11.211" errors="0" timestamp="2026-01-19T01:02:59 ACDT">
  <testcase classname="com.formaos.tests.CTATests" name="testLoginFromHome" time="3.087"/>
  <testcase classname="com.formaos.tests.CTATests" name="testRequestDemoFromHome" time="3.015"/>
  <testcase classname="com.formaos.tests.CTATests" name="testStartFreeTrialFromHome" time="3.024"/>
</testsuite> <!-- CTA Tests -->
