<?xml version="1.0" encoding="UTF-8"?>
<!-- Generated by org.testng.reporters.JUnitXMLReporter -->
<testsuite ignored="0" hostname="Mac.tpg_nbn" failures="0" tests="6" name="Integration Tests" time="7.306" errors="0" timestamp="2026-01-19T01:03:07 ACDT">
  <testcase classname="com.formaos.tests.IntegrationTests" name="testBillingPlanSchemaIntegration" time="0.0"/>
  <testcase classname="com.formaos.tests.IntegrationTests" name="testFeatureGatingBySubscription" time="0.0"/>
  <testcase classname="com.formaos.tests.IntegrationTests" name="testRLSApiEnforcement" time="0.0"/>
  <testcase classname="com.formaos.tests.IntegrationTests" name="testRoleBasedUIPermissions" time="0.0"/>
  <testcase classname="com.formaos.tests.IntegrationTests" name="testSupabaseAuthFrontend" time="2.975"/>
  <testcase classname="com.formaos.tests.IntegrationTests" name="testTrialActivationDashboardAccess" time="0.0"/>
</testsuite> <!-- Integration Tests -->
