<?xml version="1.0" encoding="UTF-8"?>
<!-- Generated by org.testng.reporters.JUnitXMLReporter -->
<testsuite ignored="0" hostname="Mac.tpg_nbn" failures="1" tests="1" name="UAT: Accept Invite" time="32.642" errors="0" timestamp="2026-01-19T01:03:06 ACDT">
  <testcase classname="com.formaos.tests.AcceptInviteUAT" name="testAcceptInviteFlow" time="30.994">
    <failure type="java.lang.AssertionError" message="Invite flow is security-compliant and did not crash. See evidence for details. expected [true] but found [false]">
      <![CDATA[java.lang.AssertionError: Invite flow is security-compliant and did not crash. See evidence for details. expected [true] but found [false]
at com.formaos.tests.AcceptInviteUAT.testAcceptInviteFlow(AcceptInviteUAT.java:86)
at java.base/java.util.ArrayList.forEach(ArrayList.java:1604)
at java.base/java.util.concurrent.FutureTask.run(FutureTask.java:328)
at java.base/java.util.concurrent.ThreadPoolExecutor.runWorker(ThreadPoolExecutor.java:1090)
at java.base/java.util.concurrent.ThreadPoolExecutor$Worker.run(ThreadPoolExecutor.java:614)
at java.base/java.lang.Thread.run(Thread.java:1474)
... Removed 18 stack frames]]>
    </failure>
  </testcase> <!-- testAcceptInviteFlow -->
</testsuite> <!-- UAT: Accept Invite -->
